# JRE version: OpenJDK Runtime Environment (8.0_172-b11) (build 1.8.0_172-b11)
# Java VM: OpenJDK 64-Bit Server VM (25.172-b11 mixed mode linux-amd64 compressed oops)
Heap:
 PSYoungGen      total 237568K, used 79820K [0x00000000f0000000, 0x0000000100000000, 0x0000000100000000)
  eden space 210944K, 33% used [0x00000000f0000000,0x00000000f45b5b78,0x00000000fce00000)
  from space 26624K, 31% used [0x00000000fe600000,0x00000000fee3d6f8,0x0000000100000000)
  to   space 24576K, 0% used [0x00000000fce00000,0x00000000fce00000,0x00000000fe600000)
 ParOldGen       total 524288K, used 140908K [0x00000000d0000000, 0x00000000f0000000, 0x00000000f0000000)
  object space 524288K, 26% used [0x00000000d0000000,0x00000000d899b040,0x00000000f0000000)
 Metaspace       used 78233K, capacity 83568K, committed 83712K, reserved 1122304K
  class space    used 10214K, capacity 11674K, committed 11776K, reserved 1048576K
GC Heap History (10 events):
Event: 4226,482 GC heap before
{Heap before GC invocations=71 (full 3):
 PSYoungGen      total 226304K, used 199959K [0x00000000f0000000, 0x0000000100000000, 0x0000000100000000)
  eden space 192512K, 100% used [0x00000000f0000000,0x00000000fbc00000,0x00000000fbc00000)
  from space 33792K, 22% used [0x00000000fbc00000,0x00000000fc345e00,0x00000000fdd00000)
  to   space 31744K, 0% used [0x00000000fe100000,0x00000000fe100000,0x0000000100000000)
 ParOldGen       total 524288K, used 140543K [0x00000000d0000000, 0x00000000f0000000, 0x00000000f0000000)
  object space 524288K, 26% used [0x00000000d0000000,0x00000000d893fdc8,0x00000000f0000000)
 Metaspace       used 75646K, capacity 80584K, committed 80768K, reserved 1118208K
  class space    used 9959K, capacity 11321K, committed 11392K, reserved 1048576K
Event: 4226,487 GC heap after
Heap after GC invocations=71 (full 3):
 PSYoungGen      total 231936K, used 4445K [0x00000000f0000000, 0x0000000100000000, 0x0000000100000000)
  eden space 200192K, 0% used [0x00000000f0000000,0x00000000f0000000,0x00000000fc380000)
  from space 31744K, 14% used [0x00000000fe100000,0x00000000fe5576a8,0x0000000100000000)
  to   space 30208K, 0% used [0x00000000fc380000,0x00000000fc380000,0x00000000fe100000)
 ParOldGen       total 524288K, used 140676K [0x00000000d0000000, 0x00000000f0000000, 0x00000000f0000000)
  object space 524288K, 26% used [0x00000000d0000000,0x00000000d8961040,0x00000000f0000000)
 Metaspace       used 75646K, capacity 80584K, committed 80768K, reserved 1118208K
  class space    used 9959K, capacity 11321K, committed 11392K, reserved 1048576K
}
Event: 4226,742 GC heap before
{Heap before GC invocations=72 (full 3):
 PSYoungGen      total 231936K, used 200610K [0x00000000f0000000, 0x0000000100000000, 0x0000000100000000)
  eden space 200192K, 97% used [0x00000000f0000000,0x00000000fbf91200,0x00000000fc380000)
  from space 31744K, 14% used [0x00000000fe100000,0x00000000fe5576a8,0x0000000100000000)
  to   space 30208K, 0% used [0x00000000fc380000,0x00000000fc380000,0x00000000fe100000)
 ParOldGen       total 524288K, used 140676K [0x00000000d0000000, 0x00000000f0000000, 0x00000000f0000000)
  object space 524288K, 26% used [0x00000000d0000000,0x00000000d8961040,0x00000000f0000000)
 Metaspace       used 75815K, capacity 80768K, committed 81024K, reserved 1118208K
  class space    used 9998K, capacity 11361K, committed 11392K, reserved 1048576K
Event: 4226,748 GC heap after
Heap after GC invocations=72 (full 3):
 PSYoungGen      total 230400K, used 8043K [0x00000000f0000000, 0x0000000100000000, 0x0000000100000000)
  eden space 200192K, 0% used [0x00000000f0000000,0x00000000f0000000,0x00000000fc380000)
  from space 30208K, 26% used [0x00000000fc380000,0x00000000fcb5ae08,0x00000000fe100000)
  to   space 28672K, 0% used [0x00000000fe400000,0x00000000fe400000,0x0000000100000000)
 ParOldGen       total 524288K, used 140700K [0x00000000d0000000, 0x00000000f0000000, 0x00000000f0000000)
  object space 524288K, 26% used [0x00000000d0000000,0x00000000d8967040,0x00000000f0000000)
 Metaspace       used 75815K, capacity 80768K, committed 81024K, reserved 1118208K
  class space    used 9998K, capacity 11361K, committed 11392K, reserved 1048576K
}
Event: 5904,585 GC heap before
{Heap before GC invocations=73 (full 3):
 PSYoungGen      total 230400K, used 208235K [0x00000000f0000000, 0x0000000100000000, 0x0000000100000000)
  eden space 200192K, 100% used [0x00000000f0000000,0x00000000fc380000,0x00000000fc380000)
  from space 30208K, 26% used [0x00000000fc380000,0x00000000fcb5ae08,0x00000000fe100000)
  to   space 28672K, 0% used [0x00000000fe400000,0x00000000fe400000,0x0000000100000000)
 ParOldGen       total 524288K, used 140700K [0x00000000d0000000, 0x00000000f0000000, 0x00000000f0000000)
  object space 524288K, 26% used [0x00000000d0000000,0x00000000d8967040,0x00000000f0000000)
 Metaspace       used 76122K, capacity 81144K, committed 81408K, reserved 1120256K
  class space    used 10017K, capacity 11397K, committed 11520K, reserved 1048576K
Event: 5904,590 GC heap after
Heap after GC invocations=73 (full 3):
 PSYoungGen      total 234496K, used 2967K [0x00000000f0000000, 0x0000000100000000, 0x0000000100000000)
  eden space 205824K, 0% used [0x00000000f0000000,0x00000000f0000000,0x00000000fc900000)
  from space 28672K, 10% used [0x00000000fe400000,0x00000000fe6e5cc8,0x0000000100000000)
  to   space 27648K, 0% used [0x00000000fc900000,0x00000000fc900000,0x00000000fe400000)
 ParOldGen       total 524288K, used 140788K [0x00000000d0000000, 0x00000000f0000000, 0x00000000f0000000)
  object space 524288K, 26% used [0x00000000d0000000,0x00000000d897d040,0x00000000f0000000)
 Metaspace       used 76122K, capacity 81144K, committed 81408K, reserved 1120256K
  class space    used 10017K, capacity 11397K, committed 11520K, reserved 1048576K
}
Event: 5995,021 GC heap before
{Heap before GC invocations=74 (full 3):
 PSYoungGen      total 234496K, used 207725K [0x00000000f0000000, 0x0000000100000000, 0x0000000100000000)
  eden space 205824K, 99% used [0x00000000f0000000,0x00000000fc7f5940,0x00000000fc900000)
  from space 28672K, 10% used [0x00000000fe400000,0x00000000fe6e5cc8,0x0000000100000000)
  to   space 27648K, 0% used [0x00000000fc900000,0x00000000fc900000,0x00000000fe400000)
 ParOldGen       total 524288K, used 140788K [0x00000000d0000000, 0x00000000f0000000, 0x00000000f0000000)
  object space 524288K, 26% used [0x00000000d0000000,0x00000000d897d040,0x00000000f0000000)
 Metaspace       used 78033K, capacity 83226K, committed 83328K, reserved 1120256K
  class space    used 10158K, capacity 11564K, committed 11648K, reserved 1048576K
Event: 5995,038 GC heap after
Heap after GC invocations=74 (full 3):
 PSYoungGen      total 233472K, used 10863K [0x00000000f0000000, 0x0000000100000000, 0x0000000100000000)
  eden space 205824K, 0% used [0x00000000f0000000,0x00000000f0000000,0x00000000fc900000)
  from space 27648K, 39% used [0x00000000fc900000,0x00000000fd39bdd8,0x00000000fe400000)
  to   space 26624K, 0% used [0x00000000fe600000,0x00000000fe600000,0x0000000100000000)
 ParOldGen       total 524288K, used 140836K [0x00000000d0000000, 0x00000000f0000000, 0x00000000f0000000)
  object space 524288K, 26% used [0x00000000d0000000,0x00000000d8989040,0x00000000f0000000)
 Metaspace       used 78033K, capacity 83226K, committed 83328K, reserved 1120256K
  class space    used 10158K, capacity 11564K, committed 11648K, reserved 1048576K
}
Event: 5998,259 GC heap before
{Heap before GC invocations=75 (full 3):
 PSYoungGen      total 233472K, used 216687K [0x00000000f0000000, 0x0000000100000000, 0x0000000100000000)
  eden space 205824K, 100% used [0x00000000f0000000,0x00000000fc900000,0x00000000fc900000)
  from space 27648K, 39% used [0x00000000fc900000,0x00000000fd39bdd8,0x00000000fe400000)
  to   space 26624K, 0% used [0x00000000fe600000,0x00000000fe600000,0x0000000100000000)
 ParOldGen       total 524288K, used 140836K [0x00000000d0000000, 0x00000000f0000000, 0x00000000f0000000)
  object space 524288K, 26% used [0x00000000d0000000,0x00000000d8989040,0x00000000f0000000)
 Metaspace       used 78042K, capacity 83238K, committed 83328K, reserved 1120256K
  class space    used 10159K, capacity 11566K, committed 11648K, reserved 1048576K
Event: 5998,265 GC heap after
Heap after GC invocations=75 (full 3):
 PSYoungGen      total 237568K, used 8437K [0x00000000f0000000, 0x0000000100000000, 0x0000000100000000)
  eden space 210944K, 0% used [0x00000000f0000000,0x00000000f0000000,0x00000000fce00000)
  from space 26624K, 31% used [0x00000000fe600000,0x00000000fee3d6f8,0x0000000100000000)
  to   space 24576K, 0% used [0x00000000fce00000,0x00000000fce00000,0x00000000fe600000)
 ParOldGen       total 524288K, used 140908K [0x00000000d0000000, 0x00000000f0000000, 0x00000000f0000000)
  object space 524288K, 26% used [0x00000000d0000000,0x00000000d899b040,0x00000000f0000000)
 Metaspace       used 78042K, capacity 83238K, committed 83328K, reserved 1120256K
  class space    used 10159K, capacity 11566K, committed 11648K, reserved 1048576K
}

